CRITICAL - 2026-02-18 22:57:26 --> CodeIgniter\Exceptions\FrameworkException: The framework needs the following extension(s) installed and loaded: intl.
in SYSTEMPATH\CodeIgniter.php on line 252.
 1 SYSTEMPATH\CodeIgniter.php(252): CodeIgniter\Exceptions\FrameworkException::forMissingExtension()
 2 SYSTEMPATH\CodeIgniter.php(214): CodeIgniter\CodeIgniter->resolvePlatformExtensions()
 3 ROOTPATH\spark(88): CodeIgniter\CodeIgniter->initialize()
CRITICAL - 2026-02-18 22:57:28 --> ErrorException: Declaration of CodeIgniter\I18n\TimeTrait::createFromTimestamp(int $timestamp, $timezone = null, ?string $locale = null) must be compatible with DateTimeImmutable::createFromTimestamp(int|float $timestamp): CodeIgniter\Autoloader\Autoloader
【Previous Exception】
CodeIgniter\Exceptions\FrameworkException
The framework needs the following extension(s) installed and loaded: intl.
#0 C:\Users\Public\Documents\php-codeigniter-smarty-mysql\system\CodeIgniter.php(252): CodeIgniter\Exceptions\FrameworkException::forMissingExtension()
#1 C:\Users\Public\Documents\php-codeigniter-smarty-mysql\system\CodeIgniter.php(214): CodeIgniter\CodeIgniter->resolvePlatformExtensions()
#2 C:\Users\Public\Documents\php-codeigniter-smarty-mysql\spark(88): CodeIgniter\CodeIgniter->initialize()
#3 {main}
in SYSTEMPATH\I18n\TimeTrait.php on line 266.
 1 [internal function]: CodeIgniter\Debug\Exceptions->shutdownHandler()
CRITICAL - 2026-02-18 23:22:35 --> Error: Cannot call constructor
[Method: GET, Route: /]
in APPPATH\Controllers\Home.php on line 14.
 1 SYSTEMPATH\CodeIgniter.php(903): App\Controllers\Home->__construct()
 2 SYSTEMPATH\CodeIgniter.php(500): CodeIgniter\CodeIgniter->createController()
 3 SYSTEMPATH\CodeIgniter.php(355): CodeIgniter\CodeIgniter->handleRequest()
 4 SYSTEMPATH\Boot.php(325): CodeIgniter\CodeIgniter->run()
 5 SYSTEMPATH\Boot.php(67): CodeIgniter\Boot::runCodeIgniter()
 6 FCPATH\index.php(56): CodeIgniter\Boot::bootWeb()
 7 SYSTEMPATH\Commands\Server\rewrite.php(49): require_once('C:\\Users\\Public\\Documents\\php-codeigniter-smarty-mysql\\public\\index.php')
CRITICAL - 2026-02-18 23:22:46 --> Error: Cannot call constructor
[Method: GET, Route: /]
in APPPATH\Controllers\Home.php on line 14.
 1 SYSTEMPATH\CodeIgniter.php(903): App\Controllers\Home->__construct()
 2 SYSTEMPATH\CodeIgniter.php(500): CodeIgniter\CodeIgniter->createController()
 3 SYSTEMPATH\CodeIgniter.php(355): CodeIgniter\CodeIgniter->handleRequest()
 4 SYSTEMPATH\Boot.php(325): CodeIgniter\CodeIgniter->run()
 5 SYSTEMPATH\Boot.php(67): CodeIgniter\Boot::runCodeIgniter()
 6 FCPATH\index.php(56): CodeIgniter\Boot::bootWeb()
 7 SYSTEMPATH\Commands\Server\rewrite.php(49): require_once('C:\\Users\\Public\\Documents\\php-codeigniter-smarty-mysql\\public\\index.php')
CRITICAL - 2026-02-18 23:26:30 --> ParseError: Unmatched '}'
[Method: GET, Route: /]
in APPPATH\Controllers\Home.php on line 79.
 1 SYSTEMPATH\Autoloader\Autoloader.php(296): CodeIgniter\Autoloader\Autoloader->includeFile()
 2 SYSTEMPATH\Autoloader\Autoloader.php(272): CodeIgniter\Autoloader\Autoloader->loadInNamespace()
 3 [internal function]: CodeIgniter\Autoloader\Autoloader->loadClass()
 4 SYSTEMPATH\CodeIgniter.php(887): class_exists()
 5 SYSTEMPATH\CodeIgniter.php(496): CodeIgniter\CodeIgniter->startController()
 6 SYSTEMPATH\CodeIgniter.php(355): CodeIgniter\CodeIgniter->handleRequest()
 7 SYSTEMPATH\Boot.php(325): CodeIgniter\CodeIgniter->run()
 8 SYSTEMPATH\Boot.php(67): CodeIgniter\Boot::runCodeIgniter()
 9 FCPATH\index.php(56): CodeIgniter\Boot::bootWeb()
10 SYSTEMPATH\Commands\Server\rewrite.php(49): require_once('C:\\Users\\Public\\Documents\\php-codeigniter-smarty-mysql\\public\\index.php')
CRITICAL - 2026-02-18 23:27:36 --> Error: Class "Smarty" not found
[Method: GET, Route: /]
in APPPATH\Libraries\SmartyEngine.php on line 29.
 1 APPPATH\Controllers\Home.php(15): App\Libraries\SmartyEngine->__construct()
 2 SYSTEMPATH\CodeIgniter.php(933): App\Controllers\Home->index()
 3 SYSTEMPATH\CodeIgniter.php(509): CodeIgniter\CodeIgniter->runController()
 4 SYSTEMPATH\CodeIgniter.php(355): CodeIgniter\CodeIgniter->handleRequest()
 5 SYSTEMPATH\Boot.php(325): CodeIgniter\CodeIgniter->run()
 6 SYSTEMPATH\Boot.php(67): CodeIgniter\Boot::runCodeIgniter()
 7 FCPATH\index.php(56): CodeIgniter\Boot::bootWeb()
 8 SYSTEMPATH\Commands\Server\rewrite.php(49): require_once('C:\\Users\\Public\\Documents\\php-codeigniter-smarty-mysql\\public\\index.php')
CRITICAL - 2026-02-18 23:28:40 --> Error: Class "Smarty" not found
[Method: GET, Route: /]
in APPPATH\Libraries\SmartyEngine.php on line 30.
 1 APPPATH\Controllers\Home.php(15): App\Libraries\SmartyEngine->__construct()
 2 SYSTEMPATH\CodeIgniter.php(933): App\Controllers\Home->index()
 3 SYSTEMPATH\CodeIgniter.php(509): CodeIgniter\CodeIgniter->runController()
 4 SYSTEMPATH\CodeIgniter.php(355): CodeIgniter\CodeIgniter->handleRequest()
 5 SYSTEMPATH\Boot.php(325): CodeIgniter\CodeIgniter->run()
 6 SYSTEMPATH\Boot.php(67): CodeIgniter\Boot::runCodeIgniter()
 7 FCPATH\index.php(56): CodeIgniter\Boot::bootWeb()
 8 SYSTEMPATH\Commands\Server\rewrite.php(49): require_once('C:\\Users\\Public\\Documents\\php-codeigniter-smarty-mysql\\public\\index.php')
CRITICAL - 2026-02-18 23:28:52 --> Error: Class "Smarty" not found
[Method: GET, Route: /]
in APPPATH\Libraries\SmartyEngine.php on line 30.
 1 APPPATH\Controllers\Home.php(15): App\Libraries\SmartyEngine->__construct()
 2 SYSTEMPATH\CodeIgniter.php(933): App\Controllers\Home->index()
 3 SYSTEMPATH\CodeIgniter.php(509): CodeIgniter\CodeIgniter->runController()
 4 SYSTEMPATH\CodeIgniter.php(355): CodeIgniter\CodeIgniter->handleRequest()
 5 SYSTEMPATH\Boot.php(325): CodeIgniter\CodeIgniter->run()
 6 SYSTEMPATH\Boot.php(67): CodeIgniter\Boot::runCodeIgniter()
 7 FCPATH\index.php(56): CodeIgniter\Boot::bootWeb()
 8 SYSTEMPATH\Commands\Server\rewrite.php(49): require_once('C:\\Users\\Public\\Documents\\php-codeigniter-smarty-mysql\\public\\index.php')
CRITICAL - 2026-02-18 23:29:53 --> Error: Undefined constant "App\Libraries\WRITABLEPATH"
[Method: GET, Route: /]
in APPPATH\Libraries\SmartyEngine.php on line 42.
 1 APPPATH\Libraries\SmartyEngine.php(29): App\Libraries\SmartyEngine->setupDirectories()
 2 APPPATH\Controllers\Home.php(15): App\Libraries\SmartyEngine->__construct()
 3 SYSTEMPATH\CodeIgniter.php(933): App\Controllers\Home->index()
 4 SYSTEMPATH\CodeIgniter.php(509): CodeIgniter\CodeIgniter->runController()
 5 SYSTEMPATH\CodeIgniter.php(355): CodeIgniter\CodeIgniter->handleRequest()
 6 SYSTEMPATH\Boot.php(325): CodeIgniter\CodeIgniter->run()
 7 SYSTEMPATH\Boot.php(67): CodeIgniter\Boot::runCodeIgniter()
 8 FCPATH\index.php(56): CodeIgniter\Boot::bootWeb()
 9 SYSTEMPATH\Commands\Server\rewrite.php(49): require_once('C:\\Users\\Public\\Documents\\php-codeigniter-smarty-mysql\\public\\index.php')
CRITICAL - 2026-02-18 23:31:01 --> Error: Undefined constant "WRITABLEPATH"
[Method: GET, Route: /]
in APPPATH\Libraries\SmartyEngine.php on line 42.
 1 APPPATH\Libraries\SmartyEngine.php(29): App\Libraries\SmartyEngine->setupDirectories()
 2 APPPATH\Controllers\Home.php(15): App\Libraries\SmartyEngine->__construct()
 3 SYSTEMPATH\CodeIgniter.php(933): App\Controllers\Home->index()
 4 SYSTEMPATH\CodeIgniter.php(509): CodeIgniter\CodeIgniter->runController()
 5 SYSTEMPATH\CodeIgniter.php(355): CodeIgniter\CodeIgniter->handleRequest()
 6 SYSTEMPATH\Boot.php(325): CodeIgniter\CodeIgniter->run()
 7 SYSTEMPATH\Boot.php(67): CodeIgniter\Boot::runCodeIgniter()
 8 FCPATH\index.php(56): CodeIgniter\Boot::bootWeb()
 9 SYSTEMPATH\Commands\Server\rewrite.php(49): require_once('C:\\Users\\Public\\Documents\\php-codeigniter-smarty-mysql\\public\\index.php')
CRITICAL - 2026-02-18 23:32:19 --> Error: Undefined constant "WRITABLEPATH"
[Method: GET, Route: /]
in APPPATH\Libraries\SmartyEngine.php on line 44.
 1 APPPATH\Libraries\SmartyEngine.php(33): App\Libraries\SmartyEngine->configure()
 2 APPPATH\Controllers\Home.php(15): App\Libraries\SmartyEngine->__construct()
 3 SYSTEMPATH\CodeIgniter.php(933): App\Controllers\Home->index()
 4 SYSTEMPATH\CodeIgniter.php(509): CodeIgniter\CodeIgniter->runController()
 5 SYSTEMPATH\CodeIgniter.php(355): CodeIgniter\CodeIgniter->handleRequest()
 6 SYSTEMPATH\Boot.php(325): CodeIgniter\CodeIgniter->run()
 7 SYSTEMPATH\Boot.php(67): CodeIgniter\Boot::runCodeIgniter()
 8 FCPATH\index.php(56): CodeIgniter\Boot::bootWeb()
 9 SYSTEMPATH\Commands\Server\rewrite.php(49): require_once('C:\\Users\\Public\\Documents\\php-codeigniter-smarty-mysql\\public\\index.php')
ERROR - 2026-02-18 23:35:17 --> Error connecting to the database: mysqli_sql_exception: Access denied for user ''@'localhost' (using password: YES) in C:\Users\Public\Documents\php-codeigniter-smarty-mysql\system\Database\MySQLi\Connection.php:186
Stack trace:
#0 C:\Users\Public\Documents\php-codeigniter-smarty-mysql\system\Database\MySQLi\Connection.php(186): mysqli->real_connect()
#1 C:\Users\Public\Documents\php-codeigniter-smarty-mysql\system\Database\BaseConnection.php(421): CodeIgniter\Database\MySQLi\Connection->connect()
#2 C:\Users\Public\Documents\php-codeigniter-smarty-mysql\system\Database\BaseConnection.php(614): CodeIgniter\Database\BaseConnection->initialize()
#3 C:\Users\Public\Documents\php-codeigniter-smarty-mysql\system\Database\BaseBuilder.php(1637): CodeIgniter\Database\BaseConnection->query()
#4 C:\Users\Public\Documents\php-codeigniter-smarty-mysql\system\Model.php(286): CodeIgniter\Database\BaseBuilder->get()
#5 C:\Users\Public\Documents\php-codeigniter-smarty-mysql\system\BaseModel.php(676): CodeIgniter\Model->doFindAll()
#6 C:\Users\Public\Documents\php-codeigniter-smarty-mysql\app\Controllers\Home.php(41): CodeIgniter\BaseModel->findAll()
#7 C:\Users\Public\Documents\php-codeigniter-smarty-mysql\system\CodeIgniter.php(933): App\Controllers\Home->users()
#8 C:\Users\Public\Documents\php-codeigniter-smarty-mysql\system\CodeIgniter.php(509): CodeIgniter\CodeIgniter->runController()
#9 C:\Users\Public\Documents\php-codeigniter-smarty-mysql\system\CodeIgniter.php(355): CodeIgniter\CodeIgniter->handleRequest()
#10 C:\Users\Public\Documents\php-codeigniter-smarty-mysql\system\Boot.php(325): CodeIgniter\CodeIgniter->run()
#11 C:\Users\Public\Documents\php-codeigniter-smarty-mysql\system\Boot.php(67): CodeIgniter\Boot::runCodeIgniter()
#12 C:\Users\Public\Documents\php-codeigniter-smarty-mysql\public\index.php(56): CodeIgniter\Boot::bootWeb()
#13 C:\Users\Public\Documents\php-codeigniter-smarty-mysql\system\Commands\Server\rewrite.php(49): require_once('...')
#14 {main}

Next CodeIgniter\Database\Exceptions\DatabaseException: Access denied for user ''@'localhost' (using password: YES) in C:\Users\Public\Documents\php-codeigniter-smarty-mysql\system\Database\MySQLi\Connection.php:231
Stack trace:
#0 C:\Users\Public\Documents\php-codeigniter-smarty-mysql\system\Database\BaseConnection.php(421): CodeIgniter\Database\MySQLi\Connection->connect()
#1 C:\Users\Public\Documents\php-codeigniter-smarty-mysql\system\Database\BaseConnection.php(614): CodeIgniter\Database\BaseConnection->initialize()
#2 C:\Users\Public\Documents\php-codeigniter-smarty-mysql\system\Database\BaseBuilder.php(1637): CodeIgniter\Database\BaseConnection->query()
#3 C:\Users\Public\Documents\php-codeigniter-smarty-mysql\system\Model.php(286): CodeIgniter\Database\BaseBuilder->get()
#4 C:\Users\Public\Documents\php-codeigniter-smarty-mysql\system\BaseModel.php(676): CodeIgniter\Model->doFindAll()
#5 C:\Users\Public\Documents\php-codeigniter-smarty-mysql\app\Controllers\Home.php(41): CodeIgniter\BaseModel->findAll()
#6 C:\Users\Public\Documents\php-codeigniter-smarty-mysql\system\CodeIgniter.php(933): App\Controllers\Home->users()
#7 C:\Users\Public\Documents\php-codeigniter-smarty-mysql\system\CodeIgniter.php(509): CodeIgniter\CodeIgniter->runController()
#8 C:\Users\Public\Documents\php-codeigniter-smarty-mysql\system\CodeIgniter.php(355): CodeIgniter\CodeIgniter->handleRequest()
#9 C:\Users\Public\Documents\php-codeigniter-smarty-mysql\system\Boot.php(325): CodeIgniter\CodeIgniter->run()
#10 C:\Users\Public\Documents\php-codeigniter-smarty-mysql\system\Boot.php(67): CodeIgniter\Boot::runCodeIgniter()
#11 C:\Users\Public\Documents\php-codeigniter-smarty-mysql\public\index.php(56): CodeIgniter\Boot::bootWeb()
#12 C:\Users\Public\Documents\php-codeigniter-smarty-mysql\system\Commands\Server\rewrite.php(49): require_once('...')
#13 {main}
CRITICAL - 2026-02-18 23:35:17 --> CodeIgniter\Database\Exceptions\DatabaseException: Unable to connect to the database.
Main connection [MySQLi]: Access denied for user ''@'localhost' (using password: YES)
[Method: GET, Route: users]
in SYSTEMPATH\Database\BaseConnection.php on line 467.
 1 SYSTEMPATH\Database\BaseConnection.php(614): CodeIgniter\Database\BaseConnection->initialize()
 2 SYSTEMPATH\Database\BaseBuilder.php(1637): CodeIgniter\Database\BaseConnection->query()
 3 SYSTEMPATH\Model.php(286): CodeIgniter\Database\BaseBuilder->get()
 4 SYSTEMPATH\BaseModel.php(676): CodeIgniter\Model->doFindAll()
 5 APPPATH\Controllers\Home.php(41): CodeIgniter\BaseModel->findAll()
 6 SYSTEMPATH\CodeIgniter.php(933): App\Controllers\Home->users()
 7 SYSTEMPATH\CodeIgniter.php(509): CodeIgniter\CodeIgniter->runController()
 8 SYSTEMPATH\CodeIgniter.php(355): CodeIgniter\CodeIgniter->handleRequest()
 9 SYSTEMPATH\Boot.php(325): CodeIgniter\CodeIgniter->run()
10 SYSTEMPATH\Boot.php(67): CodeIgniter\Boot::runCodeIgniter()
11 FCPATH\index.php(56): CodeIgniter\Boot::bootWeb()
12 SYSTEMPATH\Commands\Server\rewrite.php(49): require_once('C:\\Users\\Public\\Documents\\php-codeigniter-smarty-mysql\\public\\index.php')
ERROR - 2026-02-18 23:36:50 --> Error connecting to the database: mysqli_sql_exception: Access denied for user 'root'@'localhost' (using password: NO) in C:\Users\Public\Documents\php-codeigniter-smarty-mysql\system\Database\MySQLi\Connection.php:186
Stack trace:
#0 C:\Users\Public\Documents\php-codeigniter-smarty-mysql\system\Database\MySQLi\Connection.php(186): mysqli->real_connect()
#1 C:\Users\Public\Documents\php-codeigniter-smarty-mysql\system\Database\BaseConnection.php(421): CodeIgniter\Database\MySQLi\Connection->connect()
#2 C:\Users\Public\Documents\php-codeigniter-smarty-mysql\system\Database\BaseConnection.php(614): CodeIgniter\Database\BaseConnection->initialize()
#3 C:\Users\Public\Documents\php-codeigniter-smarty-mysql\system\Database\BaseConnection.php(1481): CodeIgniter\Database\BaseConnection->query()
#4 C:\Users\Public\Documents\php-codeigniter-smarty-mysql\system\Database\BaseConnection.php(1500): CodeIgniter\Database\BaseConnection->listTables()
#5 C:\Users\Public\Documents\php-codeigniter-smarty-mysql\system\Database\MigrationRunner.php(759): CodeIgniter\Database\BaseConnection->tableExists()
#6 C:\Users\Public\Documents\php-codeigniter-smarty-mysql\system\Database\MigrationRunner.php(163): CodeIgniter\Database\MigrationRunner->ensureTable()
#7 C:\Users\Public\Documents\php-codeigniter-smarty-mysql\system\Commands\Database\Migrate.php(85): CodeIgniter\Database\MigrationRunner->latest()
#8 C:\Users\Public\Documents\php-codeigniter-smarty-mysql\system\CLI\Commands.php(70): CodeIgniter\Commands\Database\Migrate->run()
#9 C:\Users\Public\Documents\php-codeigniter-smarty-mysql\system\CLI\Console.php(48): CodeIgniter\CLI\Commands->run()
#10 C:\Users\Public\Documents\php-codeigniter-smarty-mysql\system\Boot.php(351): CodeIgniter\CLI\Console->run()
#11 C:\Users\Public\Documents\php-codeigniter-smarty-mysql\system\Boot.php(104): CodeIgniter\Boot::runCommand()
#12 C:\Users\Public\Documents\php-codeigniter-smarty-mysql\spark(84): CodeIgniter\Boot::bootSpark()
#13 {main}

Next CodeIgniter\Database\Exceptions\DatabaseException: Access denied for user '****'@'localhost' (using password: NO) in C:\Users\Public\Documents\php-codeigniter-smarty-mysql\system\Database\MySQLi\Connection.php:231
Stack trace:
#0 C:\Users\Public\Documents\php-codeigniter-smarty-mysql\system\Database\BaseConnection.php(421): CodeIgniter\Database\MySQLi\Connection->connect()
#1 C:\Users\Public\Documents\php-codeigniter-smarty-mysql\system\Database\BaseConnection.php(614): CodeIgniter\Database\BaseConnection->initialize()
#2 C:\Users\Public\Documents\php-codeigniter-smarty-mysql\system\Database\BaseConnection.php(1481): CodeIgniter\Database\BaseConnection->query()
#3 C:\Users\Public\Documents\php-codeigniter-smarty-mysql\system\Database\BaseConnection.php(1500): CodeIgniter\Database\BaseConnection->listTables()
#4 C:\Users\Public\Documents\php-codeigniter-smarty-mysql\system\Database\MigrationRunner.php(759): CodeIgniter\Database\BaseConnection->tableExists()
#5 C:\Users\Public\Documents\php-codeigniter-smarty-mysql\system\Database\MigrationRunner.php(163): CodeIgniter\Database\MigrationRunner->ensureTable()
#6 C:\Users\Public\Documents\php-codeigniter-smarty-mysql\system\Commands\Database\Migrate.php(85): CodeIgniter\Database\MigrationRunner->latest()
#7 C:\Users\Public\Documents\php-codeigniter-smarty-mysql\system\CLI\Commands.php(70): CodeIgniter\Commands\Database\Migrate->run()
#8 C:\Users\Public\Documents\php-codeigniter-smarty-mysql\system\CLI\Console.php(48): CodeIgniter\CLI\Commands->run()
#9 C:\Users\Public\Documents\php-codeigniter-smarty-mysql\system\Boot.php(351): CodeIgniter\CLI\Console->run()
#10 C:\Users\Public\Documents\php-codeigniter-smarty-mysql\system\Boot.php(104): CodeIgniter\Boot::runCommand()
#11 C:\Users\Public\Documents\php-codeigniter-smarty-mysql\spark(84): CodeIgniter\Boot::bootSpark()
#12 {main}
CRITICAL - 2026-02-18 23:38:37 --> ErrorException: Constant expression contains invalid operations
[Method: CLI, Route: migrate]
in APPPATH\Config\Database.php on line 27.
 1 [internal function]: CodeIgniter\Debug\Exceptions->shutdownHandler()
CRITICAL - 2026-02-18 23:39:04 --> Error: Undefined constant "Config\WRITABLEPATH"
[Method: CLI, Route: migrate]
in APPPATH\Config\Database.php on line 88.
 1 SYSTEMPATH\Config\Factories.php(235): Config\Database->__construct()
 2 SYSTEMPATH\Config\Factories.php(169): CodeIgniter\Config\Factories::createInstance()
 3 SYSTEMPATH\Config\Factories.php(188): CodeIgniter\Config\Factories::__callStatic()
 4 SYSTEMPATH\Common.php(207): CodeIgniter\Config\Factories::get()
 5 SYSTEMPATH\Database\MigrationRunner.php(144): config()
 6 SYSTEMPATH\Config\Services.php(419): CodeIgniter\Database\MigrationRunner->__construct()
 7 SYSTEMPATH\Config\BaseService.php(311): CodeIgniter\Config\Services::migrations()
 8 SYSTEMPATH\Config\BaseService.php(250): CodeIgniter\Config\BaseService::__callStatic()
 9 SYSTEMPATH\Config\Services.php(414): CodeIgniter\Config\BaseService::getSharedInstance()
10 SYSTEMPATH\Config\BaseService.php(320): CodeIgniter\Config\Services::migrations()
11 SYSTEMPATH\Config\BaseService.php(201): CodeIgniter\Config\BaseService::__callStatic()
12 SYSTEMPATH\Common.php(998): CodeIgniter\Config\BaseService::get()
13 SYSTEMPATH\Commands\Database\Migrate.php(70): service()
14 SYSTEMPATH\CLI\Commands.php(70): CodeIgniter\Commands\Database\Migrate->run()
15 SYSTEMPATH\CLI\Console.php(48): CodeIgniter\CLI\Commands->run()
16 SYSTEMPATH\Boot.php(351): CodeIgniter\CLI\Console->run()
17 SYSTEMPATH\Boot.php(104): CodeIgniter\Boot::runCommand()
18 ROOTPATH\spark(84): CodeIgniter\Boot::bootSpark()
CRITICAL - 2026-02-18 23:39:24 --> Error: Undefined constant "WRITABLEPATH"
[Method: CLI, Route: migrate]
in APPPATH\Config\Database.php on line 88.
 1 SYSTEMPATH\Config\Factories.php(235): Config\Database->__construct()
 2 SYSTEMPATH\Config\Factories.php(169): CodeIgniter\Config\Factories::createInstance()
 3 SYSTEMPATH\Config\Factories.php(188): CodeIgniter\Config\Factories::__callStatic()
 4 SYSTEMPATH\Common.php(207): CodeIgniter\Config\Factories::get()
 5 SYSTEMPATH\Database\MigrationRunner.php(144): config()
 6 SYSTEMPATH\Config\Services.php(419): CodeIgniter\Database\MigrationRunner->__construct()
 7 SYSTEMPATH\Config\BaseService.php(311): CodeIgniter\Config\Services::migrations()
 8 SYSTEMPATH\Config\BaseService.php(250): CodeIgniter\Config\BaseService::__callStatic()
 9 SYSTEMPATH\Config\Services.php(414): CodeIgniter\Config\BaseService::getSharedInstance()
10 SYSTEMPATH\Config\BaseService.php(320): CodeIgniter\Config\Services::migrations()
11 SYSTEMPATH\Config\BaseService.php(201): CodeIgniter\Config\BaseService::__callStatic()
12 SYSTEMPATH\Common.php(998): CodeIgniter\Config\BaseService::get()
13 SYSTEMPATH\Commands\Database\Migrate.php(70): service()
14 SYSTEMPATH\CLI\Commands.php(70): CodeIgniter\Commands\Database\Migrate->run()
15 SYSTEMPATH\CLI\Console.php(48): CodeIgniter\CLI\Commands->run()
16 SYSTEMPATH\Boot.php(351): CodeIgniter\CLI\Console->run()
17 SYSTEMPATH\Boot.php(104): CodeIgniter\Boot::runCommand()
18 ROOTPATH\spark(84): CodeIgniter\Boot::bootSpark()
ERROR - 2026-02-18 23:39:43 --> Error connecting to the database: Error: Class "SQLite3" not found in C:\Users\Public\Documents\php-codeigniter-smarty-mysql\system\Database\SQLite3\Connection.php:90
Stack trace:
#0 C:\Users\Public\Documents\php-codeigniter-smarty-mysql\system\Database\BaseConnection.php(421): CodeIgniter\Database\SQLite3\Connection->connect()
#1 C:\Users\Public\Documents\php-codeigniter-smarty-mysql\system\Database\SQLite3\Connection.php(60): CodeIgniter\Database\BaseConnection->initialize()
#2 C:\Users\Public\Documents\php-codeigniter-smarty-mysql\system\Database\BaseConnection.php(614): CodeIgniter\Database\SQLite3\Connection->initialize()
#3 C:\Users\Public\Documents\php-codeigniter-smarty-mysql\system\Database\BaseConnection.php(1481): CodeIgniter\Database\BaseConnection->query()
#4 C:\Users\Public\Documents\php-codeigniter-smarty-mysql\system\Database\BaseConnection.php(1500): CodeIgniter\Database\BaseConnection->listTables()
#5 C:\Users\Public\Documents\php-codeigniter-smarty-mysql\system\Database\MigrationRunner.php(759): CodeIgniter\Database\BaseConnection->tableExists()
#6 C:\Users\Public\Documents\php-codeigniter-smarty-mysql\system\Database\MigrationRunner.php(163): CodeIgniter\Database\MigrationRunner->ensureTable()
#7 C:\Users\Public\Documents\php-codeigniter-smarty-mysql\system\Commands\Database\Migrate.php(85): CodeIgniter\Database\MigrationRunner->latest()
#8 C:\Users\Public\Documents\php-codeigniter-smarty-mysql\system\CLI\Commands.php(70): CodeIgniter\Commands\Database\Migrate->run()
#9 C:\Users\Public\Documents\php-codeigniter-smarty-mysql\system\CLI\Console.php(48): CodeIgniter\CLI\Commands->run()
#10 C:\Users\Public\Documents\php-codeigniter-smarty-mysql\system\Boot.php(351): CodeIgniter\CLI\Console->run()
#11 C:\Users\Public\Documents\php-codeigniter-smarty-mysql\system\Boot.php(104): CodeIgniter\Boot::runCommand()
#12 C:\Users\Public\Documents\php-codeigniter-smarty-mysql\spark(84): CodeIgniter\Boot::bootSpark()
#13 {main}
ERROR - 2026-02-18 23:40:43 --> Error connecting to the database: CodeIgniter\Database\Exceptions\DatabaseException: SQLite3 error: Unable to open database: unable to open database file in C:\Users\Public\Documents\php-codeigniter-smarty-mysql\system\Database\SQLite3\Connection.php:97
Stack trace:
#0 C:\Users\Public\Documents\php-codeigniter-smarty-mysql\system\Database\BaseConnection.php(421): CodeIgniter\Database\SQLite3\Connection->connect()
#1 C:\Users\Public\Documents\php-codeigniter-smarty-mysql\system\Database\SQLite3\Connection.php(60): CodeIgniter\Database\BaseConnection->initialize()
#2 C:\Users\Public\Documents\php-codeigniter-smarty-mysql\system\Database\BaseConnection.php(614): CodeIgniter\Database\SQLite3\Connection->initialize()
#3 C:\Users\Public\Documents\php-codeigniter-smarty-mysql\system\Database\BaseConnection.php(1481): CodeIgniter\Database\BaseConnection->query()
#4 C:\Users\Public\Documents\php-codeigniter-smarty-mysql\system\Database\BaseConnection.php(1500): CodeIgniter\Database\BaseConnection->listTables()
#5 C:\Users\Public\Documents\php-codeigniter-smarty-mysql\system\Database\MigrationRunner.php(759): CodeIgniter\Database\BaseConnection->tableExists()
#6 C:\Users\Public\Documents\php-codeigniter-smarty-mysql\system\Database\MigrationRunner.php(163): CodeIgniter\Database\MigrationRunner->ensureTable()
#7 C:\Users\Public\Documents\php-codeigniter-smarty-mysql\system\Commands\Database\Migrate.php(85): CodeIgniter\Database\MigrationRunner->latest()
#8 C:\Users\Public\Documents\php-codeigniter-smarty-mysql\system\CLI\Commands.php(70): CodeIgniter\Commands\Database\Migrate->run()
#9 C:\Users\Public\Documents\php-codeigniter-smarty-mysql\system\CLI\Console.php(48): CodeIgniter\CLI\Commands->run()
#10 C:\Users\Public\Documents\php-codeigniter-smarty-mysql\system\Boot.php(351): CodeIgniter\CLI\Console->run()
#11 C:\Users\Public\Documents\php-codeigniter-smarty-mysql\system\Boot.php(104): CodeIgniter\Boot::runCommand()
#12 C:\Users\Public\Documents\php-codeigniter-smarty-mysql\spark(84): CodeIgniter\Boot::bootSpark()
#13 {main}
CRITICAL - 2026-02-18 23:41:20 --> ErrorException: Declaration of CodeIgniter\I18n\TimeTrait::createFromTimestamp(int $timestamp, $timezone = null, ?string $locale = null) must be compatible with DateTimeImmutable::createFromTimestamp(int|float $timestamp): CodeIgniter\Autoloader\Autoloader
[Method: CLI, Route: migrate]
in SYSTEMPATH\I18n\TimeTrait.php on line 268.
 1 [internal function]: CodeIgniter\Debug\Exceptions->shutdownHandler()
CRITICAL - 2026-02-18 23:43:02 --> ErrorException: Declaration of CodeIgniter\I18n\TimeTrait::createFromTimestamp(int $timestamp, $timezone = null, ?string $locale = null) must be compatible with DateTimeImmutable::createFromTimestamp(int|float $timestamp): CodeIgniter\Autoloader\Autoloader
[Method: GET, Route: about]
in SYSTEMPATH\I18n\TimeTrait.php on line 268.
 1 [internal function]: CodeIgniter\Debug\Exceptions->shutdownHandler()
ERROR - 2026-02-18 23:43:02 --> Error connecting to the database: Error: Class "SQLite3" not found in C:\Users\Public\Documents\php-codeigniter-smarty-mysql\system\Database\SQLite3\Connection.php:90
Stack trace:
#0 C:\Users\Public\Documents\php-codeigniter-smarty-mysql\system\Database\BaseConnection.php(421): CodeIgniter\Database\SQLite3\Connection->connect()
#1 C:\Users\Public\Documents\php-codeigniter-smarty-mysql\system\Database\SQLite3\Connection.php(60): CodeIgniter\Database\BaseConnection->initialize()
#2 C:\Users\Public\Documents\php-codeigniter-smarty-mysql\system\Database\BaseConnection.php(614): CodeIgniter\Database\SQLite3\Connection->initialize()
#3 C:\Users\Public\Documents\php-codeigniter-smarty-mysql\system\Database\BaseBuilder.php(1637): CodeIgniter\Database\BaseConnection->query()
#4 C:\Users\Public\Documents\php-codeigniter-smarty-mysql\system\Model.php(286): CodeIgniter\Database\BaseBuilder->get()
#5 C:\Users\Public\Documents\php-codeigniter-smarty-mysql\system\BaseModel.php(676): CodeIgniter\Model->doFindAll()
#6 C:\Users\Public\Documents\php-codeigniter-smarty-mysql\app\Controllers\Home.php(41): CodeIgniter\BaseModel->findAll()
#7 C:\Users\Public\Documents\php-codeigniter-smarty-mysql\system\CodeIgniter.php(933): App\Controllers\Home->users()
#8 C:\Users\Public\Documents\php-codeigniter-smarty-mysql\system\CodeIgniter.php(509): CodeIgniter\CodeIgniter->runController()
#9 C:\Users\Public\Documents\php-codeigniter-smarty-mysql\system\CodeIgniter.php(355): CodeIgniter\CodeIgniter->handleRequest()
#10 C:\Users\Public\Documents\php-codeigniter-smarty-mysql\system\Boot.php(325): CodeIgniter\CodeIgniter->run()
#11 C:\Users\Public\Documents\php-codeigniter-smarty-mysql\system\Boot.php(67): CodeIgniter\Boot::runCodeIgniter()
#12 C:\Users\Public\Documents\php-codeigniter-smarty-mysql\public\index.php(56): CodeIgniter\Boot::bootWeb()
#13 C:\Users\Public\Documents\php-codeigniter-smarty-mysql\system\Commands\Server\rewrite.php(49): require_once('...')
#14 {main}
CRITICAL - 2026-02-18 23:43:02 --> CodeIgniter\Database\Exceptions\DatabaseException: Unable to connect to the database.
Main connection [SQLite3]: Class "SQLite3" not found
[Method: GET, Route: users]
in SYSTEMPATH\Database\BaseConnection.php on line 467.
 1 SYSTEMPATH\Database\SQLite3\Connection.php(60): CodeIgniter\Database\BaseConnection->initialize()
 2 SYSTEMPATH\Database\BaseConnection.php(614): CodeIgniter\Database\SQLite3\Connection->initialize()
 3 SYSTEMPATH\Database\BaseBuilder.php(1637): CodeIgniter\Database\BaseConnection->query()
 4 SYSTEMPATH\Model.php(286): CodeIgniter\Database\BaseBuilder->get()
 5 SYSTEMPATH\BaseModel.php(676): CodeIgniter\Model->doFindAll()
 6 APPPATH\Controllers\Home.php(41): CodeIgniter\BaseModel->findAll()
 7 SYSTEMPATH\CodeIgniter.php(933): App\Controllers\Home->users()
 8 SYSTEMPATH\CodeIgniter.php(509): CodeIgniter\CodeIgniter->runController()
 9 SYSTEMPATH\CodeIgniter.php(355): CodeIgniter\CodeIgniter->handleRequest()
10 SYSTEMPATH\Boot.php(325): CodeIgniter\CodeIgniter->run()
11 SYSTEMPATH\Boot.php(67): CodeIgniter\Boot::runCodeIgniter()
12 FCPATH\index.php(56): CodeIgniter\Boot::bootWeb()
13 SYSTEMPATH\Commands\Server\rewrite.php(49): require_once('C:\\Users\\Public\\Documents\\php-codeigniter-smarty-mysql\\public\\index.php')
CRITICAL - 2026-02-18 23:43:03 --> ErrorException: Declaration of CodeIgniter\I18n\TimeTrait::createFromTimestamp(int $timestamp, $timezone = null, ?string $locale = null) must be compatible with DateTimeImmutable::createFromTimestamp(int|float $timestamp): CodeIgniter\Autoloader\Autoloader
[Method: GET, Route: /]
in SYSTEMPATH\I18n\TimeTrait.php on line 268.
 1 [internal function]: CodeIgniter\Debug\Exceptions->shutdownHandler()
